                  :-) GROMACS - gmx mdrun, 2026.1-Homebrew (-:

Copyright 1991-2026 The GROMACS Authors.
GROMACS is free software; you can redistribute it and/or modify it
under the terms of the GNU Lesser General Public License
as published by the Free Software Foundation; either version 2.1
of the License, or (at your option) any later version.

                         Current GROMACS contributors:
       Mark Abraham           Andrey Alekseenko           Brian Andrews       
        Paul Bauer              Cathrine Bergh              Hugh Bird         
      Eliane Briand               Ania Brown                Yiqi Chen         
      Mahesh Doijade            Giacomo Fiorin          Stefan Fleischmann    
      Sergey Gorelov         Gilles Gouaillardet            Alan Gray         
   Farzaneh Jalalypour         Petter Johansson          Carsten Kutzner      
    Grzegorz Łazarski         Justin A. Lemkul          Magnus Lundborg      
        Julio Maia               Pascal Merz             Vedran Miletić      
      Dmitry Morozov           Lukas Müllender           Szilárd Páll      
 Andrea Pasquadibisceglie     Michele Pellegrino         Nicola Piasentin     
     Daniele Rapetti         Muhammad Umair Sadiq         Hubert Santuz       
      Michael Shirts           Tatiana Shugaeva          Alexey Shvetsov      
     Bálint Soproni            Philip Turner            Alessandra Villa     
        Yang Zhang        

                         Previous GROMACS contributors:
        Emile Apol             Rossen Apostolov           James Barnett       
      Vladimir Basov        Herman J.C. Berendsen          Par Bjelkmar       
      Christian Blau          Viacheslav Bolnykh            Kevin Boyd        
    Aldert van Buuren          Carlo Camilloni           Rudi van Drunen      
      Anton Feenstra           Oliver Fleetwood            Vytas Gapsys       
       Gaurav Garg             Gerrit Groenhof            Bert de Groot       
      Anca Hamuraru           Vincent Hindriksen          Victor Holanda      
     M. Eric Irrgang           Aleksei Iupinov              Joe Jordan        
    Christoph Junghans        Prashanth Kanduri        Dimitrios Karkoulis    
       Peter Kasson             Sebastian Kehl           Sebastian Keller     
        Jiri Kraus               Per Larsson              Viveca Lindahl      
      Erik Marklund           Pieter Meulenhoff           Teemu Murtola       
       Julien Nabet              Sander Pronk             Roland Schulz       
      Alfons Sijbers         David van der Spoel          Peter Tieleman      
      Carsten Uphoff             Jon Vincent             Teemu Virolainen     
    Christian Wennberg     Sebastian Wingbermühle         Maarten Wolf       
      Artem Zhmurov       

                  Coordinated by the GROMACS project leaders:
                           Berk Hess and Erik Lindahl

GROMACS:      gmx mdrun, version 2026.1-Homebrew
Executable:   /opt/homebrew/bin/../Cellar/gromacs/2026.1/bin/gmx
Data prefix:  /opt/homebrew/bin/../Cellar/gromacs/2026.1
Working dir:  /Users/penguin/Desktop/prion_radiation_research/gromacs
Process ID:   15095
Command line:
  gmx mdrun -v -deffnm nvt

GROMACS version:     2026.1-Homebrew
Precision:           mixed
Memory model:        64 bit
MPI library:         thread_mpi
MPI version:         built in
OpenMP support:      enabled (GMX_OPENMP_MAX_THREADS = 128)
GPU support:         disabled
SIMD instructions:   ARM_NEON_ASIMD
CPU FFT library:     fftw-3.3.10
GPU FFT library:     none
Multi-GPU FFT:       none
TNG support:         enabled
Hwloc support:       disabled
Tracing support:     disabled
Colvars support:     enabled (version 2025-10-13)
CP2K support:        disabled
Torch support:       disabled
Plumed support:      enabled
C compiler:          /usr/bin/clang
C compiler flags:    -Wno-missing-field-initializers -fno-stack-check -O3 -DNDEBUG
C++ compiler:        /usr/bin/clang++
C++ compiler flags:  -Wno-reserved-identifier -Wno-missing-field-initializers -fno-stack-check -Weverything -Wno-c++98-compat -Wno-c++98-compat-pedantic -Wno-return-std-move-in-c++11 -Wno-source-uses-openmp -Wno-c++17-extensions -Wno-documentation-unknown-command -Wno-covered-switch-default -Wno-switch-enum -Wno-switch-default -Wno-extra-semi-stmt -Wno-weak-vtables -Wno-shadow -Wno-padded -Wno-reserved-id-macro -Wno-double-promotion -Wno-exit-time-destructors -Wno-global-constructors -Wno-documentation -Wno-format-nonliteral -Wno-used-but-marked-unused -Wno-float-equal -Wno-conditional-uninitialized -Wno-conversion -Wno-disabled-macro-expansion -Wno-unused-macros -Wno-unsafe-buffer-usage -Wno-stringop-truncation -Wno-cast-function-type-strict SHELL:-Xclang -fopenmp -O3 -DNDEBUG
BLAS library:        External - detected on the system
LAPACK library:      External - detected on the system


Running on 1 node with total 0 processing units
Hardware detected on host Austins-MacBook-Pro.local:
  CPU info:
    Vendor: ARM
    Brand:  Unknown CPU brand
    Family: 0   Model: 0   Stepping: 0
    Features: neon neon_asimd
  Hardware topology: Only logical processor count
    CPU limit set by OS: -1   Recommended max number of threads: 8


++++ PLEASE READ AND CITE THE FOLLOWING REFERENCE ++++
M. J. Abraham, T. Murtola, R. Schulz, S. Páll, J. C. Smith, B. Hess, E.
Lindahl
GROMACS: High performance molecular simulations through multi-level
parallelism from laptops to supercomputers
SoftwareX (2015)
https://doi.org/10.1016/j.softx.2015.06.001
-------- -------- --- Thank You --- -------- --------


++++ PLEASE READ AND CITE THE FOLLOWING REFERENCE ++++
S. Páll, M. J. Abraham, C. Kutzner, B. Hess, E. Lindahl
Tackling Exascale Software Challenges in Molecular Dynamics Simulations with
GROMACS
In S. Markidis & E. Laure (Eds.), Solving Software Challenges for Exascale (2015)
https://doi.org/10.1007/978-3-319-15976-8_1
-------- -------- --- Thank You --- -------- --------


++++ PLEASE READ AND CITE THE FOLLOWING REFERENCE ++++
S. Pronk, S. Páll, R. Schulz, P. Larsson, P. Bjelkmar, R. Apostolov, M. R.
Shirts, J. C. Smith, P. M. Kasson, D. van der Spoel, B. Hess, E. Lindahl
GROMACS 4.5: a high-throughput and highly parallel open source molecular
simulation toolkit
Bioinformatics (2013)
https://doi.org/10.1093/bioinformatics/btt055
-------- -------- --- Thank You --- -------- --------


++++ PLEASE READ AND CITE THE FOLLOWING REFERENCE ++++
B. Hess, C. Kutzner, D. van der Spoel, E. Lindahl
GROMACS 4: Algorithms for highly efficient, load-balanced, and scalable
molecular simulation
J. Chem. Theory Comput. (2008)
https://doi.org/10.1021/ct700301q
-------- -------- --- Thank You --- -------- --------


++++ PLEASE READ AND CITE THE FOLLOWING REFERENCE ++++
D. van der Spoel, E. Lindahl, B. Hess, G. Groenhof, A. E. Mark, H. J. C.
Berendsen
GROMACS: Fast, Flexible and Free
J. Comp. Chem. (2005)
https://doi.org/10.1002/jcc.20291
-------- -------- --- Thank You --- -------- --------


++++ PLEASE READ AND CITE THE FOLLOWING REFERENCE ++++
E. Lindahl, B. Hess, D. van der Spoel
GROMACS 3.0: A package for molecular simulation and trajectory analysis
J. Mol. Mod. (2001)
https://doi.org/10.1007/s008940100045
-------- -------- --- Thank You --- -------- --------


++++ PLEASE READ AND CITE THE FOLLOWING REFERENCE ++++
H. J. C. Berendsen, D. van der Spoel and R. van Drunen
GROMACS: A message-passing parallel molecular dynamics implementation
Comp. Phys. Comm. (1995)
https://doi.org/10.1016/0010-4655(95)00042-E
-------- -------- --- Thank You --- -------- --------

Input Parameters:
   integrator                     = md
   tinit                          = 0
   dt                             = 0.002
   nsteps                         = 50000
   init-step                      = 0
   simulation-part                = 1
   mts                            = false
   mass-repartition-factor        = 1
   comm-mode                      = Linear
   nstcomm                        = 100
   bd-fric                        = 0
   ld-seed                        = 2133377019
   emtol                          = 10
   emstep                         = 0.01
   niter                          = 20
   fcstep                         = 0
   nstcgsteep                     = 1000
   nbfgscorr                      = 10
   rtpi                           = 0.05
   nstxout                        = 0
   nstvout                        = 0
   nstfout                        = 0
   nstlog                         = 500
   nstcalcenergy                  = 100
   nstenergy                      = 500
   nstxout-compressed             = 500
   compressed-x-precision         = 1000
   cutoff-scheme                  = Verlet
   nstlist                        = 10
   pbc                            = xyz
   periodic-molecules             = false
   verlet-buffer-tolerance        = 0.005
   verlet-buffer-pressure-tolerance = 0.5
   rlist                          = 1
   coulombtype                    = PME
   coulomb-modifier               = Potential-shift
   rcoulomb-switch                = 0
   rcoulomb                       = 1
   epsilon-r                      = 1
   epsilon-rf                     = inf
   vdw-type                       = Cut-off
   vdw-modifier                   = Potential-shift
   rvdw-switch                    = 0
   rvdw                           = 1
   DispCorr                       = No
   table-extension                = 1
   fourierspacing                 = 0.12
   fourier-nx                     = 60
   fourier-ny                     = 60
   fourier-nz                     = 60
   pme-order                      = 4
   ewald-rtol                     = 1e-05
   ewald-rtol-lj                  = 0.001
   lj-pme-comb-rule               = Geometric
   ewald-geometry                 = 3d
   epsilon-surface                = 0
   ensemble-temperature-setting   = constant
   ensemble-temperature           = 310
   tcoupl                         = V-rescale
   nsttcouple                     = 10
   nh-chain-length                = 0
   print-nose-hoover-chain-variables = false
   pcoupl                         = No
   refcoord-scaling               = No
   posres-com: not available
   posres-comB: not available
   QMMM                           = false
qm-opts:
   ngQM                           = 0
   constraint-algorithm           = Lincs
   continuation                   = false
   Shake-SOR                      = false
   shake-tol                      = 0.0001
   lincs-order                    = 4
   lincs-iter                     = 1
   lincs-warnangle                = 30
   nwall                          = 0
   wall-type                      = 9-3
   wall-r-linpot                  = -1
   wall-atomtype[0]               = -1
   wall-atomtype[1]               = -1
   wall-density[0]                = 0
   wall-density[1]                = 0
   wall-ewald-zfac                = 3
   pull                           = false
   awh                            = false
   rotation                       = false
   interactiveMD                  = false
   disre                          = No
   disre-weighting                = Conservative
   disre-mixed                    = false
   dr-fc                          = 1000
   dr-tau                         = 0
   nstdisreout                    = 100
   orire-fc                       = 0
   orire-tau                      = 0
   nstorireout                    = 100
   free-energy                    = no
   cos-acceleration               = 0
   deform (3x3):
      deform[    0]={ 0.00000e+00,  0.00000e+00,  0.00000e+00}
      deform[    1]={ 0.00000e+00,  0.00000e+00,  0.00000e+00}
      deform[    2]={ 0.00000e+00,  0.00000e+00,  0.00000e+00}
   simulated-tempering            = false
   swapcoords                     = no
   userint1                       = 0
   userint2                       = 0
   userint3                       = 0
   userint4                       = 0
   userreal1                      = 0
   userreal2                      = 0
   userreal3                      = 0
   userreal4                      = 0
   applied-forces:
     electric-field:
       x:
         E0                       = 0
         omega                    = 0
         t0                       = 0
         sigma                    = 0
       y:
         E0                       = 0
         omega                    = 0
         t0                       = 0
         sigma                    = 0
       z:
         E0                       = 0
         omega                    = 0
         t0                       = 0
         sigma                    = 0
     density-guided-simulation:
       active                     = false
       group                      = protein
       similarity-measure         = inner-product
       atom-spreading-weight      = unity
       force-constant             = 1e+09
       gaussian-transform-spreading-width = 0.2
       gaussian-transform-spreading-range-in-multiples-of-width = 4
       reference-density-filename = reference.mrc
       nst                        = 1
       normalize-densities        = true
       adaptive-force-scaling     = false
       adaptive-force-scaling-time-constant = 4
       shift-vector               = 
       transformation-matrix      = 
     qmmm-cp2k:
       active                     = false
       qmgroup                    = System
       qmmethod                   = PBE
       qmfilenames                = 
       qmcharge                   = 0
       qmmultiplicity             = 1
     colvars:
       active                     = false
       configfile                 = 
       seed                       = -1
     nnpot:
       active                     = false
       modelfile                  = model.pt
       input-group                = System
       link-type                  = H
       link-distance              = 0.1
       pair-cutoff                = 0
       embedding                  = mechanical
       nnp-charge                 = 0
       model-input1               = 
       model-input2               = 
       model-input3               = 
       model-input4               = 
       model-input5               = 
       model-input6               = 
       model-input7               = 
       model-input8               = 
       model-input9               = 
   fast-multipole-method:
     fmm:
       backend                    = inactive
       exafmm-order               = 6
       exafmm-direct-range        = 2
       exafmm-direct-provider     = GROMACS
       exafmm-tree-type           = uniform
       exafmm-tree-depth          = 0
       exafmm-max-particles-per-cell = 0
       fmsolvr-order              = 8
       fmsolvr-direct-range       = 1
       fmsolvr-direct-provider    = FMM
       fmsolvr-dipole-compensation = true
       fmsolvr-tree-depth         = 3
       fmsolvr-sparse             = false
grpopts:
   nrdf:     3366.86     66360.1
   ref-t:         310         310
   tau-t:         0.1         0.1
annealing:          No          No
annealing-npoints:           0           0
   acc:	           0           0           0
   nfreeze:           N           N           N
   energygrp-flags[  0]: 0

Changing nstlist from 10 to 50, rlist from 1 to 1.115

Update groups can not be used for this system because there are three or more consecutively coupled constraints

Initializing Domain Decomposition on 1 ranks
Dynamic load balancing: auto
Minimum cell size due to atom displacement: 0.473 nm
Initial maximum distances in bonded interactions:
    two-body bonded interactions: 0.462 nm, LJ-14, atoms 881 1445
  multi-body bonded interactions: 0.485 nm, CMAP Dih., atoms 618 641
Minimum cell size due to bonded interactions: 0.533 nm
Maximum distance for 5 constraints, at 120 deg. angles, all-trans: 0.874 nm
Estimated maximum distance required for P-LINCS: 0.874 nm
This distance will limit the DD cell size, you can override this with -rcon
Using 0 separate PME ranks because: there are too few total ranks for efficient splitting
Optimizing the DD grid for 1 cells with a minimum initial size of 0.874 nm
The maximum allowed number of cells is: X 8 Y 8 Z 8
Domain decomposition grid 1 x 1 x 1, separate PME ranks 0
PME domain decomposition: 1 x 1 x 1

The initial number of communication pulses is:
The initial domain decomposition cell size is:

The maximum allowed distance for atoms involved in interactions is:
                 non-bonded interactions           1.115 nm
            two-body bonded interactions  (-rdd)   1.115 nm
          multi-body bonded interactions  (-rdd)   1.115 nm
  atoms separated by up to 5 constraints  (-rcon)  7.081 nm

When dynamic load balancing gets turned on, these settings will change to:
The maximum number of communication pulses is:
The minimum size for domain decomposition cells is 1.115 nm
The requested allowed shrink of DD cells (option -dds) is: 0.80
The allowed shrink of domain decomposition cells is:
The maximum allowed distance for atoms involved in interactions is:
                 non-bonded interactions           1.115 nm
            two-body bonded interactions  (-rdd)   1.115 nm
          multi-body bonded interactions  (-rdd)   1.115 nm
  atoms separated by up to 5 constraints  (-rcon)  1.115 nm

Local state does not use filler particles

Using 1 MPI thread
Using 8 OpenMP threads 

System total charge: 0.000
Will do PME sum in reciprocal space for electrostatic interactions.

++++ PLEASE READ AND CITE THE FOLLOWING REFERENCE ++++
U. Essmann, L. Perera, M. L. Berkowitz, T. Darden, H. Lee, L. G. Pedersen 
A smooth particle mesh Ewald method
J. Chem. Phys. (1995)
https://doi.org/10.1063/1.470117
-------- -------- --- Thank You --- -------- --------

Using a Gaussian width (1/beta) of 0.320163 nm for Ewald
Potential shift: LJ r^-12: -1.000e+00 r^-6: -1.000e+00, Ewald -1.000e-05
Initialized non-bonded Coulomb Ewald tables, spacing: 9.33e-04 size: 1073

Generated table with 1057 data points for 1-4 COUL.
Tabscale = 500 points/nm
Generated table with 1057 data points for 1-4 LJ6.
Tabscale = 500 points/nm
Generated table with 1057 data points for 1-4 LJ12.
Tabscale = 500 points/nm


Using SIMD4xM 4x4 nonbonded short-range kernels

Using a dual 4x4 pair-list setup updated with dynamic pruning:
  outer list: updated every 50 steps, buffer 0.115 nm, rlist 1.115 nm
  inner list: updated every 10 steps, buffer 0.000 nm, rlist 1.000 nm
At tolerance 0.005 kJ/mol/ps per atom, equivalent classical 1x1 list would be:
  outer list: updated every 50 steps, buffer 0.245 nm, rlist 1.245 nm
  inner list: updated every 10 steps, buffer 0.036 nm, rlist 1.036 nm

The average pressure is off by at most 0.43 bar due to missing LJ interactions

Using Lorentz-Berthelot Lennard-Jones combination rule
Removing pbc first time

Linking all bonded interactions to atoms


Initializing Parallel LINear Constraint Solver

++++ PLEASE READ AND CITE THE FOLLOWING REFERENCE ++++
B. Hess
P-LINCS: A Parallel Linear Constraint Solver for molecular simulation
J. Chem. Theory Comput. (2008)
https://doi.org/10.1021/ct700200b
-------- -------- --- Thank You --- -------- --------

The number of constraints is 1715
There are constraints between atoms in different decomposition domains,
will communicate selected coordinates each lincs iteration

++++ PLEASE READ AND CITE THE FOLLOWING REFERENCE ++++
S. Miyamoto, P. A. Kollman
SETTLE: An Analytical Version of the SHAKE and RATTLE Algorithms for Rigid
Water Models
J. Comp. Chem. (1992)
https://doi.org/10.1002/jcc.540130805
-------- -------- --- Thank You --- -------- --------


++++ PLEASE READ AND CITE THE FOLLOWING REFERENCE ++++
G. Bussi, D. Donadio, M. Parrinello
Canonical sampling through velocity rescaling
J. Chem. Phys. (2007)
https://doi.org/10.1063/1.2408420
-------- -------- --- Thank You --- -------- --------

There are: 34874 Atoms

Atom distribution over 1 domains: av 34874 stddev 0 min 34874 max 34874

Constraining the starting coordinates (step 0)

Constraining the coordinates at t0-dt (step 0)
Center of mass motion removal mode is Linear
We have the following groups for center of mass motion removal:
  0:  rest
RMS relative constraint deviation after constraining: 5.00e-05
Initial temperature: 309.645 K

Started mdrun on rank 0 Mon Mar  9 23:27:04 2026

           Step           Time
              0        0.00000

   Energies (kJ/mol)
            U-B    Proper Dih.  Improper Dih.      CMAP Dih.          LJ-14
    2.16901e+03    2.19056e+03    6.70931e+01   -4.39167e+02    1.71143e+03
     Coulomb-14        LJ (SR)   Coulomb (SR)   Coul. recip.      Potential
    1.21661e+04    7.66607e+04   -6.36375e+05    3.05896e+03   -5.38790e+05
    Kinetic En.   Total Energy  Conserved En.    Temperature Pressure (bar)
    8.97919e+04   -4.48998e+05   -4.48998e+05    3.09765e+02   -5.91425e+03
   Constr. rmsd
    7.73726e-05

           Step           Time
            500        1.00000

   Energies (kJ/mol)
            U-B    Proper Dih.  Improper Dih.      CMAP Dih.          LJ-14
    3.83068e+03    2.44014e+03    2.47660e+02   -4.36386e+02    1.88628e+03
     Coulomb-14        LJ (SR)   Coulomb (SR)   Coul. recip.      Potential
    1.24212e+04    7.79399e+04   -5.70847e+05    3.11339e+03   -4.69404e+05
    Kinetic En.   Total Energy  Conserved En.    Temperature Pressure (bar)
    8.94066e+04   -3.79998e+05   -4.48222e+05    3.08436e+02    3.46317e+02
   Constr. rmsd
    3.53287e-05

           Step           Time
           1000        2.00000

   Energies (kJ/mol)
            U-B    Proper Dih.  Improper Dih.      CMAP Dih.          LJ-14
    3.56158e+03    2.45014e+03    2.61781e+02   -4.86711e+02    1.97417e+03
     Coulomb-14        LJ (SR)   Coulomb (SR)   Coul. recip.      Potential
    1.24901e+04    7.74743e+04   -5.68875e+05    3.22195e+03   -4.67927e+05
    Kinetic En.   Total Energy  Conserved En.    Temperature Pressure (bar)
    8.91541e+04   -3.78773e+05   -4.48236e+05    3.07564e+02    4.56862e+02
   Constr. rmsd
    3.40873e-05

           Step           Time
           1500        3.00000

   Energies (kJ/mol)
            U-B    Proper Dih.  Improper Dih.      CMAP Dih.          LJ-14
    3.76741e+03    2.48127e+03    2.38586e+02   -5.09443e+02    1.93507e+03
     Coulomb-14        LJ (SR)   Coulomb (SR)   Coul. recip.      Potential
    1.23434e+04    7.69269e+04   -5.68693e+05    3.12243e+03   -4.68388e+05
    Kinetic En.   Total Energy  Conserved En.    Temperature Pressure (bar)
    8.97266e+04   -3.78661e+05   -4.48247e+05    3.09539e+02    3.44906e+02
   Constr. rmsd
    3.40733e-05

           Step           Time
           2000        4.00000

   Energies (kJ/mol)
            U-B    Proper Dih.  Improper Dih.      CMAP Dih.          LJ-14
    3.79882e+03    2.46356e+03    2.57961e+02   -4.62552e+02    1.94278e+03
     Coulomb-14        LJ (SR)   Coulomb (SR)   Coul. recip.      Potential
    1.25347e+04    7.75129e+04   -5.70579e+05    3.06167e+03   -4.69469e+05
    Kinetic En.   Total Energy  Conserved En.    Temperature Pressure (bar)
    9.00256e+04   -3.79443e+05   -4.48254e+05    3.10571e+02    3.76319e+02
   Constr. rmsd
    3.37774e-05

           Step           Time
           2500        5.00000

   Energies (kJ/mol)
            U-B    Proper Dih.  Improper Dih.      CMAP Dih.          LJ-14
    3.98813e+03    2.37119e+03    2.58794e+02   -4.87371e+02    1.90977e+03
     Coulomb-14        LJ (SR)   Coulomb (SR)   Coul. recip.      Potential
    1.24789e+04    7.61239e+04   -5.68720e+05    3.16716e+03   -4.68909e+05
    Kinetic En.   Total Energy  Conserved En.    Temperature Pressure (bar)
    8.92849e+04   -3.79624e+05   -4.48248e+05    3.08016e+02    7.59107e+01
   Constr. rmsd
    3.44768e-05

           Step           Time
           3000        6.00000

   Energies (kJ/mol)
            U-B    Proper Dih.  Improper Dih.      CMAP Dih.          LJ-14
    3.82495e+03    2.35911e+03    2.37208e+02   -4.62396e+02    1.91698e+03
     Coulomb-14        LJ (SR)   Coulomb (SR)   Coul. recip.      Potential
    1.23818e+04    7.72021e+04   -5.68470e+05    3.14050e+03   -4.67870e+05
    Kinetic En.   Total Energy  Conserved En.    Temperature Pressure (bar)
    9.02908e+04   -3.77579e+05   -4.48269e+05    3.11486e+02    4.41823e+02
   Constr. rmsd
    3.48153e-05

           Step           Time
           3500        7.00000

   Energies (kJ/mol)
            U-B    Proper Dih.  Improper Dih.      CMAP Dih.          LJ-14
    3.87512e+03    2.31875e+03    2.57913e+02   -4.71679e+02    1.98041e+03
     Coulomb-14        LJ (SR)   Coulomb (SR)   Coul. recip.      Potential
    1.23551e+04    7.58135e+04   -5.67724e+05    3.15192e+03   -4.68443e+05
    Kinetic En.   Total Energy  Conserved En.    Temperature Pressure (bar)
    8.98073e+04   -3.78635e+05   -4.48278e+05    3.09818e+02    1.89418e+02
   Constr. rmsd
    3.57149e-05

           Step           Time
           4000        8.00000

   Energies (kJ/mol)
            U-B    Proper Dih.  Improper Dih.      CMAP Dih.          LJ-14
    3.77670e+03    2.40403e+03    2.80165e+02   -4.87696e+02    1.90119e+03
     Coulomb-14        LJ (SR)   Coulomb (SR)   Coul. recip.      Potential
    1.24234e+04    7.62555e+04   -5.68466e+05    3.16327e+03   -4.68750e+05
    Kinetic En.   Total Energy  Conserved En.    Temperature Pressure (bar)
    8.95327e+04   -3.79217e+05   -4.48307e+05    3.08870e+02    1.59067e+02
   Constr. rmsd
    3.37624e-05

           Step           Time
           4500        9.00000

   Energies (kJ/mol)
            U-B    Proper Dih.  Improper Dih.      CMAP Dih.          LJ-14
    3.81389e+03    2.39609e+03    3.01233e+02   -4.80760e+02    1.94300e+03
     Coulomb-14        LJ (SR)   Coulomb (SR)   Coul. recip.      Potential
    1.25483e+04    7.53755e+04   -5.67477e+05    3.06411e+03   -4.68516e+05
    Kinetic En.   Total Energy  Conserved En.    Temperature Pressure (bar)
    9.03255e+04   -3.78190e+05   -4.48324e+05    3.11605e+02    2.03890e+02
   Constr. rmsd
    3.30539e-05

           Step           Time
           5000       10.00000

   Energies (kJ/mol)
            U-B    Proper Dih.  Improper Dih.      CMAP Dih.          LJ-14
    3.86036e+03    2.43487e+03    2.61863e+02   -4.62699e+02    1.94598e+03
     Coulomb-14        LJ (SR)   Coulomb (SR)   Coul. recip.      Potential
    1.22976e+04    7.64821e+04   -5.68758e+05    3.14635e+03   -4.68792e+05
    Kinetic En.   Total Energy  Conserved En.    Temperature Pressure (bar)
    9.04862e+04   -3.78305e+05   -4.48334e+05    3.12160e+02    2.84555e+02
   Constr. rmsd
    3.28419e-05

           Step           Time
           5500       11.00000

   Energies (kJ/mol)
            U-B    Proper Dih.  Improper Dih.      CMAP Dih.          LJ-14
    4.07469e+03    2.39179e+03    3.21383e+02   -5.00855e+02    1.92978e+03
     Coulomb-14        LJ (SR)   Coulomb (SR)   Coul. recip.      Potential
    1.24208e+04    7.65415e+04   -5.67908e+05    3.10161e+03   -4.67627e+05
    Kinetic En.   Total Energy  Conserved En.    Temperature Pressure (bar)
    8.99809e+04   -3.77646e+05   -4.48321e+05    3.10417e+02    2.93362e+02
   Constr. rmsd
    3.56537e-05

           Step           Time
           6000       12.00000

   Energies (kJ/mol)
            U-B    Proper Dih.  Improper Dih.      CMAP Dih.          LJ-14
    3.80097e+03    2.37948e+03    2.84708e+02   -4.79745e+02    1.92964e+03
     Coulomb-14        LJ (SR)   Coulomb (SR)   Coul. recip.      Potential
    1.25626e+04    7.56950e+04   -5.67861e+05    3.15722e+03   -4.68531e+05
    Kinetic En.   Total Energy  Conserved En.    Temperature Pressure (bar)
    8.94396e+04   -3.79091e+05   -4.48340e+05    3.08549e+02    2.52153e+02
   Constr. rmsd
    3.23582e-05

           Step           Time
           6500       13.00000

   Energies (kJ/mol)
            U-B    Proper Dih.  Improper Dih.      CMAP Dih.          LJ-14
    4.00134e+03    2.40657e+03    2.80885e+02   -5.22788e+02    1.95438e+03
     Coulomb-14        LJ (SR)   Coulomb (SR)   Coul. recip.      Potential
    1.24041e+04    7.58882e+04   -5.68512e+05    3.22631e+03   -4.68873e+05
    Kinetic En.   Total Energy  Conserved En.    Temperature Pressure (bar)
    8.97677e+04   -3.79105e+05   -4.48360e+05    3.09681e+02    3.22199e+02
   Constr. rmsd
    3.14495e-05

           Step           Time
           7000       14.00000

   Energies (kJ/mol)
            U-B    Proper Dih.  Improper Dih.      CMAP Dih.          LJ-14
    3.72698e+03    2.30923e+03    2.67756e+02   -4.72279e+02    1.97615e+03
     Coulomb-14        LJ (SR)   Coulomb (SR)   Coul. recip.      Potential
    1.25570e+04    7.72006e+04   -5.69788e+05    3.07764e+03   -4.69145e+05
    Kinetic En.   Total Energy  Conserved En.    Temperature Pressure (bar)
    8.88764e+04   -3.80268e+05   -4.48379e+05    3.06607e+02    3.49294e+02
   Constr. rmsd
    3.41922e-05

           Step           Time
           7500       15.00000

   Energies (kJ/mol)
            U-B    Proper Dih.  Improper Dih.      CMAP Dih.          LJ-14
    3.83116e+03    2.32602e+03    2.70100e+02   -4.31636e+02    1.95931e+03
     Coulomb-14        LJ (SR)   Coulomb (SR)   Coul. recip.      Potential
    1.23100e+04    7.68517e+04   -5.69709e+05    3.12946e+03   -4.69463e+05
    Kinetic En.   Total Energy  Conserved En.    Temperature Pressure (bar)
    9.04230e+04   -3.79040e+05   -4.48394e+05    3.11942e+02    3.51033e+02
   Constr. rmsd
    3.32074e-05

           Step           Time
           8000       16.00000

   Energies (kJ/mol)
            U-B    Proper Dih.  Improper Dih.      CMAP Dih.          LJ-14
    3.73305e+03    2.33269e+03    2.59443e+02   -5.09970e+02    1.95390e+03
     Coulomb-14        LJ (SR)   Coulomb (SR)   Coul. recip.      Potential
    1.24457e+04    7.67269e+04   -5.69808e+05    3.12299e+03   -4.69744e+05
    Kinetic En.   Total Energy  Conserved En.    Temperature Pressure (bar)
    8.82770e+04   -3.81466e+05   -4.48389e+05    3.04539e+02    3.58240e+02
   Constr. rmsd
    3.30457e-05

           Step           Time
           8500       17.00000

   Energies (kJ/mol)
            U-B    Proper Dih.  Improper Dih.      CMAP Dih.          LJ-14
    3.75907e+03    2.30186e+03    2.32684e+02   -4.95824e+02    1.97456e+03
     Coulomb-14        LJ (SR)   Coulomb (SR)   Coul. recip.      Potential
    1.24627e+04    7.60874e+04   -5.68390e+05    3.11945e+03   -4.68948e+05
    Kinetic En.   Total Energy  Conserved En.    Temperature Pressure (bar)
    8.91437e+04   -3.79805e+05   -4.48424e+05    3.07529e+02    2.75068e+02
   Constr. rmsd
    3.11918e-05

           Step           Time
           9000       18.00000

   Energies (kJ/mol)
            U-B    Proper Dih.  Improper Dih.      CMAP Dih.          LJ-14
    3.89592e+03    2.31234e+03    2.53680e+02   -5.09913e+02    1.93751e+03
     Coulomb-14        LJ (SR)   Coulomb (SR)   Coul. recip.      Potential
    1.25148e+04    7.68722e+04   -5.69216e+05    3.16436e+03   -4.68775e+05
    Kinetic En.   Total Energy  Conserved En.    Temperature Pressure (bar)
    9.03559e+04   -3.78419e+05   -4.48426e+05    3.11710e+02    3.78298e+02
   Constr. rmsd
    3.44996e-05

           Step           Time
           9500       19.00000

   Energies (kJ/mol)
            U-B    Proper Dih.  Improper Dih.      CMAP Dih.          LJ-14
    3.78859e+03    2.35475e+03    2.57478e+02   -4.51021e+02    1.93891e+03
     Coulomb-14        LJ (SR)   Coulomb (SR)   Coul. recip.      Potential
    1.24323e+04    7.56140e+04   -5.68498e+05    3.02951e+03   -4.69534e+05
    Kinetic En.   Total Energy  Conserved En.    Temperature Pressure (bar)
    8.97249e+04   -3.79809e+05   -4.48441e+05    3.09534e+02    2.35712e+02
   Constr. rmsd
    3.22463e-05

           Step           Time
          10000       20.00000

   Energies (kJ/mol)
            U-B    Proper Dih.  Improper Dih.      CMAP Dih.          LJ-14
    3.83514e+03    2.35532e+03    2.98836e+02   -4.71154e+02    1.92698e+03
     Coulomb-14        LJ (SR)   Coulomb (SR)   Coul. recip.      Potential
    1.23543e+04    7.58575e+04   -5.68388e+05    3.16292e+03   -4.69069e+05
    Kinetic En.   Total Energy  Conserved En.    Temperature Pressure (bar)
    9.03397e+04   -3.78729e+05   -4.48469e+05    3.11655e+02    1.30475e+02
   Constr. rmsd
    3.46790e-05

           Step           Time
          10500       21.00000

   Energies (kJ/mol)
            U-B    Proper Dih.  Improper Dih.      CMAP Dih.          LJ-14
    3.81936e+03    2.39457e+03    2.74660e+02   -4.77811e+02    1.94476e+03
     Coulomb-14        LJ (SR)   Coulomb (SR)   Coul. recip.      Potential
    1.24802e+04    7.51005e+04   -5.66826e+05    3.11376e+03   -4.68176e+05
    Kinetic En.   Total Energy  Conserved En.    Temperature Pressure (bar)
    9.06739e+04   -3.77503e+05   -4.48486e+05    3.12807e+02    1.49899e+02
   Constr. rmsd
    3.37634e-05

           Step           Time
          11000       22.00000

   Energies (kJ/mol)
            U-B    Proper Dih.  Improper Dih.      CMAP Dih.          LJ-14
    3.89872e+03    2.35260e+03    2.73460e+02   -5.13361e+02    1.95144e+03
     Coulomb-14        LJ (SR)   Coulomb (SR)   Coul. recip.      Potential
    1.23576e+04    7.57706e+04   -5.67921e+05    3.10994e+03   -4.68720e+05
    Kinetic En.   Total Energy  Conserved En.    Temperature Pressure (bar)
    9.05631e+04   -3.78157e+05   -4.48491e+05    3.12425e+02    1.85428e+02
   Constr. rmsd
    3.28672e-05

           Step           Time
          11500       23.00000

   Energies (kJ/mol)
            U-B    Proper Dih.  Improper Dih.      CMAP Dih.          LJ-14
    3.87619e+03    2.35510e+03    2.46020e+02   -4.63421e+02    1.95286e+03
     Coulomb-14        LJ (SR)   Coulomb (SR)   Coul. recip.      Potential
    1.23489e+04    7.65295e+04   -5.68594e+05    3.19393e+03   -4.68554e+05
    Kinetic En.   Total Energy  Conserved En.    Temperature Pressure (bar)
    9.03598e+04   -3.78195e+05   -4.48497e+05    3.11724e+02    2.95275e+02
   Constr. rmsd
    3.46687e-05

           Step           Time
          12000       24.00000

   Energies (kJ/mol)
            U-B    Proper Dih.  Improper Dih.      CMAP Dih.          LJ-14
    3.89945e+03    2.34593e+03    2.20348e+02   -4.29344e+02    1.94786e+03
     Coulomb-14        LJ (SR)   Coulomb (SR)   Coul. recip.      Potential
    1.23655e+04    7.59291e+04   -5.67899e+05    3.05497e+03   -4.68566e+05
    Kinetic En.   Total Energy  Conserved En.    Temperature Pressure (bar)
    8.94143e+04   -3.79151e+05   -4.48514e+05    3.08462e+02    2.68363e+02
   Constr. rmsd
    3.33155e-05

           Step           Time
          12500       25.00000

   Energies (kJ/mol)
            U-B    Proper Dih.  Improper Dih.      CMAP Dih.          LJ-14
    4.04726e+03    2.36385e+03    2.39301e+02   -4.65425e+02    1.88986e+03
     Coulomb-14        LJ (SR)   Coulomb (SR)   Coul. recip.      Potential
    1.23637e+04    7.68091e+04   -5.69411e+05    3.16533e+03   -4.68998e+05
    Kinetic En.   Total Energy  Conserved En.    Temperature Pressure (bar)
    9.07962e+04   -3.78202e+05   -4.48538e+05    3.13230e+02    3.80223e+02
   Constr. rmsd
    3.30297e-05

           Step           Time
          13000       26.00000

   Energies (kJ/mol)
            U-B    Proper Dih.  Improper Dih.      CMAP Dih.          LJ-14
    3.99524e+03    2.30421e+03    2.23077e+02   -4.82745e+02    1.91201e+03
     Coulomb-14        LJ (SR)   Coulomb (SR)   Coul. recip.      Potential
    1.23286e+04    7.63811e+04   -5.68962e+05    3.16349e+03   -4.69137e+05
    Kinetic En.   Total Energy  Conserved En.    Temperature Pressure (bar)
    8.98535e+04   -3.79283e+05   -4.48543e+05    3.09977e+02    2.86969e+02
   Constr. rmsd
    3.45776e-05

           Step           Time
          13500       27.00000

   Energies (kJ/mol)
            U-B    Proper Dih.  Improper Dih.      CMAP Dih.          LJ-14
    3.92745e+03    2.29678e+03    2.53715e+02   -4.67119e+02    1.97549e+03
     Coulomb-14        LJ (SR)   Coulomb (SR)   Coul. recip.      Potential
    1.25062e+04    7.60742e+04   -5.68125e+05    3.13493e+03   -4.68423e+05
    Kinetic En.   Total Energy  Conserved En.    Temperature Pressure (bar)
    9.01835e+04   -3.78240e+05   -4.48553e+05    3.11116e+02    3.62605e+02
   Constr. rmsd
    3.16715e-05

           Step           Time
          14000       28.00000

   Energies (kJ/mol)
            U-B    Proper Dih.  Improper Dih.      CMAP Dih.          LJ-14
    3.83407e+03    2.30350e+03    2.13539e+02   -4.98694e+02    1.92974e+03
     Coulomb-14        LJ (SR)   Coulomb (SR)   Coul. recip.      Potential
    1.24398e+04    7.74410e+04   -5.71063e+05    3.14098e+03   -4.70259e+05
    Kinetic En.   Total Energy  Conserved En.    Temperature Pressure (bar)
    9.07999e+04   -3.79459e+05   -4.48574e+05    3.13242e+02    3.34119e+02
   Constr. rmsd
    3.57452e-05

           Step           Time
          14500       29.00000

   Energies (kJ/mol)
            U-B    Proper Dih.  Improper Dih.      CMAP Dih.          LJ-14
    3.75295e+03    2.30585e+03    2.55893e+02   -4.74159e+02    1.94912e+03
     Coulomb-14        LJ (SR)   Coulomb (SR)   Coul. recip.      Potential
    1.23749e+04    7.53646e+04   -5.67814e+05    3.08881e+03   -4.69196e+05
    Kinetic En.   Total Energy  Conserved En.    Temperature Pressure (bar)
    9.07210e+04   -3.78475e+05   -4.48595e+05    3.12970e+02    1.74613e+02
   Constr. rmsd
    3.40125e-05

           Step           Time
          15000       30.00000

   Energies (kJ/mol)
            U-B    Proper Dih.  Improper Dih.      CMAP Dih.          LJ-14
    3.87848e+03    2.31588e+03    2.55786e+02   -4.96814e+02    1.92571e+03
     Coulomb-14        LJ (SR)   Coulomb (SR)   Coul. recip.      Potential
    1.23431e+04    7.72896e+04   -5.68946e+05    3.11915e+03   -4.68316e+05
    Kinetic En.   Total Energy  Conserved En.    Temperature Pressure (bar)
    8.98105e+04   -3.78505e+05   -4.48584e+05    3.09829e+02    4.37499e+02
   Constr. rmsd
    3.49840e-05

           Step           Time
          15500       31.00000

   Energies (kJ/mol)
            U-B    Proper Dih.  Improper Dih.      CMAP Dih.          LJ-14
    3.88733e+03    2.40814e+03    2.45589e+02   -4.97739e+02    1.91612e+03
     Coulomb-14        LJ (SR)   Coulomb (SR)   Coul. recip.      Potential
    1.22453e+04    7.64052e+04   -5.67837e+05    3.20063e+03   -4.68026e+05
    Kinetic En.   Total Energy  Conserved En.    Temperature Pressure (bar)
    9.00889e+04   -3.77937e+05   -4.48614e+05    3.10789e+02    3.84051e+02
   Constr. rmsd
    3.45752e-05

           Step           Time
          16000       32.00000

   Energies (kJ/mol)
            U-B    Proper Dih.  Improper Dih.      CMAP Dih.          LJ-14
    3.86047e+03    2.28007e+03    2.25983e+02   -4.91402e+02    1.93386e+03
     Coulomb-14        LJ (SR)   Coulomb (SR)   Coul. recip.      Potential
    1.24186e+04    7.77531e+04   -5.70960e+05    3.13046e+03   -4.69848e+05
    Kinetic En.   Total Energy  Conserved En.    Temperature Pressure (bar)
    9.02267e+04   -3.79622e+05   -4.48628e+05    3.11265e+02    4.52534e+02
   Constr. rmsd
    3.44002e-05

           Step           Time
          16500       33.00000

   Energies (kJ/mol)
            U-B    Proper Dih.  Improper Dih.      CMAP Dih.          LJ-14
    3.90983e+03    2.18201e+03    2.21326e+02   -5.10374e+02    1.96956e+03
     Coulomb-14        LJ (SR)   Coulomb (SR)   Coul. recip.      Potential
    1.24427e+04    7.58829e+04   -5.68735e+05    3.14194e+03   -4.69495e+05
    Kinetic En.   Total Energy  Conserved En.    Temperature Pressure (bar)
    8.95098e+04   -3.79985e+05   -4.48628e+05    3.08791e+02    2.40700e+02
   Constr. rmsd
    3.47916e-05

           Step           Time
          17000       34.00000

   Energies (kJ/mol)
            U-B    Proper Dih.  Improper Dih.      CMAP Dih.          LJ-14
    3.84959e+03    2.33735e+03    2.13924e+02   -4.83731e+02    1.95375e+03
     Coulomb-14        LJ (SR)   Coulomb (SR)   Coul. recip.      Potential
    1.22885e+04    7.65948e+04   -5.68886e+05    3.09931e+03   -4.69032e+05
    Kinetic En.   Total Energy  Conserved En.    Temperature Pressure (bar)
    9.00579e+04   -3.78974e+05   -4.48650e+05    3.10682e+02    3.03451e+02
   Constr. rmsd
    3.58873e-05

           Step           Time
          17500       35.00000

   Energies (kJ/mol)
            U-B    Proper Dih.  Improper Dih.      CMAP Dih.          LJ-14
    3.78790e+03    2.28941e+03    2.03264e+02   -4.95140e+02    1.97749e+03
     Coulomb-14        LJ (SR)   Coulomb (SR)   Coul. recip.      Potential
    1.23122e+04    7.63067e+04   -5.68204e+05    3.17336e+03   -4.68649e+05
    Kinetic En.   Total Energy  Conserved En.    Temperature Pressure (bar)
    8.89637e+04   -3.79685e+05   -4.48665e+05    3.06908e+02    3.35428e+02
   Constr. rmsd
    3.28500e-05

           Step           Time
          18000       36.00000

   Energies (kJ/mol)
            U-B    Proper Dih.  Improper Dih.      CMAP Dih.          LJ-14
    3.76918e+03    2.35867e+03    2.42647e+02   -4.80265e+02    1.99501e+03
     Coulomb-14        LJ (SR)   Coulomb (SR)   Coul. recip.      Potential
    1.23271e+04    7.57735e+04   -5.67832e+05    3.13166e+03   -4.68715e+05
    Kinetic En.   Total Energy  Conserved En.    Temperature Pressure (bar)
    8.99926e+04   -3.78722e+05   -4.48689e+05    3.10457e+02    2.09388e+02
   Constr. rmsd
    3.33525e-05

           Step           Time
          18500       37.00000

   Energies (kJ/mol)
            U-B    Proper Dih.  Improper Dih.      CMAP Dih.          LJ-14
    3.83465e+03    2.23781e+03    2.59350e+02   -5.13807e+02    1.92833e+03
     Coulomb-14        LJ (SR)   Coulomb (SR)   Coul. recip.      Potential
    1.24467e+04    7.57772e+04   -5.68414e+05    3.10159e+03   -4.69342e+05
    Kinetic En.   Total Energy  Conserved En.    Temperature Pressure (bar)
    9.00880e+04   -3.79254e+05   -4.48699e+05    3.10786e+02    1.04273e+02
   Constr. rmsd
    3.59204e-05

           Step           Time
          19000       38.00000

   Energies (kJ/mol)
            U-B    Proper Dih.  Improper Dih.      CMAP Dih.          LJ-14
    3.92277e+03    2.24000e+03    2.35167e+02   -4.95536e+02    1.93472e+03
     Coulomb-14        LJ (SR)   Coulomb (SR)   Coul. recip.      Potential
    1.23656e+04    7.66346e+04   -5.69587e+05    3.13002e+03   -4.69620e+05
    Kinetic En.   Total Energy  Conserved En.    Temperature Pressure (bar)
    8.99188e+04   -3.79701e+05   -4.48707e+05    3.10203e+02    2.38882e+02
   Constr. rmsd
    3.50830e-05

           Step           Time
          19500       39.00000

   Energies (kJ/mol)
            U-B    Proper Dih.  Improper Dih.      CMAP Dih.          LJ-14
    3.97467e+03    2.34165e+03    2.66473e+02   -4.89822e+02    1.93362e+03
     Coulomb-14        LJ (SR)   Coulomb (SR)   Coul. recip.      Potential
    1.24417e+04    7.49430e+04   -5.67106e+05    3.16750e+03   -4.68528e+05
    Kinetic En.   Total Energy  Conserved En.    Temperature Pressure (bar)
    9.00767e+04   -3.78451e+05   -4.48720e+05    3.10747e+02    1.84955e+02
   Constr. rmsd
    3.23775e-05

           Step           Time
          20000       40.00000

   Energies (kJ/mol)
            U-B    Proper Dih.  Improper Dih.      CMAP Dih.          LJ-14
    3.78256e+03    2.27821e+03    2.39632e+02   -4.72418e+02    1.95483e+03
     Coulomb-14        LJ (SR)   Coulomb (SR)   Coul. recip.      Potential
    1.23203e+04    7.65278e+04   -5.69168e+05    3.19857e+03   -4.69338e+05
    Kinetic En.   Total Energy  Conserved En.    Temperature Pressure (bar)
    8.99397e+04   -3.79399e+05   -4.48737e+05    3.10275e+02    2.91748e+02
   Constr. rmsd
    3.33266e-05

           Step           Time
          20500       41.00000

   Energies (kJ/mol)
            U-B    Proper Dih.  Improper Dih.      CMAP Dih.          LJ-14
    3.85600e+03    2.28405e+03    2.23636e+02   -4.60521e+02    1.99148e+03
     Coulomb-14        LJ (SR)   Coulomb (SR)   Coul. recip.      Potential
    1.24005e+04    7.54780e+04   -5.67451e+05    3.07590e+03   -4.68602e+05
    Kinetic En.   Total Energy  Conserved En.    Temperature Pressure (bar)
    8.88510e+04   -3.79751e+05   -4.48756e+05    3.06519e+02    2.40935e+02
   Constr. rmsd
    3.24130e-05

           Step           Time
          21000       42.00000

   Energies (kJ/mol)
            U-B    Proper Dih.  Improper Dih.      CMAP Dih.          LJ-14
    3.68746e+03    2.32815e+03    2.33810e+02   -4.93127e+02    1.93014e+03
     Coulomb-14        LJ (SR)   Coulomb (SR)   Coul. recip.      Potential
    1.24763e+04    7.63358e+04   -5.69373e+05    3.10580e+03   -4.69769e+05
    Kinetic En.   Total Energy  Conserved En.    Temperature Pressure (bar)
    8.96165e+04   -3.80152e+05   -4.48776e+05    3.09159e+02    2.70139e+02
   Constr. rmsd
    3.32173e-05

           Step           Time
          21500       43.00000

   Energies (kJ/mol)
            U-B    Proper Dih.  Improper Dih.      CMAP Dih.          LJ-14
    3.85424e+03    2.30612e+03    2.28938e+02   -5.19427e+02    1.92585e+03
     Coulomb-14        LJ (SR)   Coulomb (SR)   Coul. recip.      Potential
    1.25055e+04    7.56414e+04   -5.68024e+05    3.16432e+03   -4.68917e+05
    Kinetic En.   Total Energy  Conserved En.    Temperature Pressure (bar)
    9.03825e+04   -3.78534e+05   -4.48784e+05    3.11802e+02    2.06802e+02
   Constr. rmsd
    3.42361e-05

           Step           Time
          22000       44.00000

   Energies (kJ/mol)
            U-B    Proper Dih.  Improper Dih.      CMAP Dih.          LJ-14
    3.89916e+03    2.37561e+03    2.75101e+02   -5.05548e+02    2.01690e+03
     Coulomb-14        LJ (SR)   Coulomb (SR)   Coul. recip.      Potential
    1.24151e+04    7.43256e+04   -5.66615e+05    3.02717e+03   -4.68786e+05
    Kinetic En.   Total Energy  Conserved En.    Temperature Pressure (bar)
    8.99089e+04   -3.78877e+05   -4.48801e+05    3.10168e+02   -3.59199e+01
   Constr. rmsd
    3.35718e-05

           Step           Time
          22500       45.00000

   Energies (kJ/mol)
            U-B    Proper Dih.  Improper Dih.      CMAP Dih.          LJ-14
    3.90837e+03    2.30852e+03    2.39634e+02   -5.12546e+02    1.96366e+03
     Coulomb-14        LJ (SR)   Coulomb (SR)   Coul. recip.      Potential
    1.26108e+04    7.68169e+04   -5.69264e+05    3.06553e+03   -4.68863e+05
    Kinetic En.   Total Energy  Conserved En.    Temperature Pressure (bar)
    9.05954e+04   -3.78268e+05   -4.48805e+05    3.12536e+02    5.01335e+02
   Constr. rmsd
    3.19390e-05

           Step           Time
          23000       46.00000

   Energies (kJ/mol)
            U-B    Proper Dih.  Improper Dih.      CMAP Dih.          LJ-14
    3.98086e+03    2.34015e+03    2.77972e+02   -5.23003e+02    1.94159e+03
     Coulomb-14        LJ (SR)   Coulomb (SR)   Coul. recip.      Potential
    1.24821e+04    7.61081e+04   -5.68145e+05    3.11846e+03   -4.68419e+05
    Kinetic En.   Total Energy  Conserved En.    Temperature Pressure (bar)
    9.00411e+04   -3.78378e+05   -4.48809e+05    3.10624e+02    3.21425e+02
   Constr. rmsd
    3.38048e-05

           Step           Time
          23500       47.00000

   Energies (kJ/mol)
            U-B    Proper Dih.  Improper Dih.      CMAP Dih.          LJ-14
    3.87361e+03    2.27840e+03    2.53402e+02   -4.89351e+02    1.91591e+03
     Coulomb-14        LJ (SR)   Coulomb (SR)   Coul. recip.      Potential
    1.23536e+04    7.57627e+04   -5.68018e+05    3.18224e+03   -4.68887e+05
    Kinetic En.   Total Energy  Conserved En.    Temperature Pressure (bar)
    8.94860e+04   -3.79401e+05   -4.48832e+05    3.08710e+02    6.63748e+01
   Constr. rmsd
    3.78322e-05

           Step           Time
          24000       48.00000

   Energies (kJ/mol)
            U-B    Proper Dih.  Improper Dih.      CMAP Dih.          LJ-14
    3.82403e+03    2.30388e+03    2.56768e+02   -4.68999e+02    1.96179e+03
     Coulomb-14        LJ (SR)   Coulomb (SR)   Coul. recip.      Potential
    1.25335e+04    7.73294e+04   -5.70308e+05    3.15003e+03   -4.69418e+05
    Kinetic En.   Total Energy  Conserved En.    Temperature Pressure (bar)
    8.92988e+04   -3.80119e+05   -4.48840e+05    3.08064e+02    4.73500e+02
   Constr. rmsd
    3.21607e-05

           Step           Time
          24500       49.00000

   Energies (kJ/mol)
            U-B    Proper Dih.  Improper Dih.      CMAP Dih.          LJ-14
    3.87045e+03    2.30887e+03    2.58464e+02   -4.91273e+02    1.98801e+03
     Coulomb-14        LJ (SR)   Coulomb (SR)   Coul. recip.      Potential
    1.24584e+04    7.53192e+04   -5.68100e+05    3.15108e+03   -4.69236e+05
    Kinetic En.   Total Energy  Conserved En.    Temperature Pressure (bar)
    9.05929e+04   -3.78643e+05   -4.48881e+05    3.12528e+02    8.05536e+01
   Constr. rmsd
    3.44241e-05

           Step           Time
          25000       50.00000

   Energies (kJ/mol)
            U-B    Proper Dih.  Improper Dih.      CMAP Dih.          LJ-14
    3.80701e+03    2.35816e+03    2.18214e+02   -4.67386e+02    1.96611e+03
     Coulomb-14        LJ (SR)   Coulomb (SR)   Coul. recip.      Potential
    1.24794e+04    7.64332e+04   -5.67930e+05    3.24852e+03   -4.67887e+05
    Kinetic En.   Total Energy  Conserved En.    Temperature Pressure (bar)
    8.93345e+04   -3.78552e+05   -4.48880e+05    3.08187e+02    4.23164e+02
   Constr. rmsd
    3.37781e-05

           Step           Time
          25500       51.00000

   Energies (kJ/mol)
            U-B    Proper Dih.  Improper Dih.      CMAP Dih.          LJ-14
    3.93118e+03    2.34272e+03    2.47087e+02   -4.64967e+02    1.91969e+03
     Coulomb-14        LJ (SR)   Coulomb (SR)   Coul. recip.      Potential
    1.24191e+04    7.53721e+04   -5.67982e+05    3.20238e+03   -4.69012e+05
    Kinetic En.   Total Energy  Conserved En.    Temperature Pressure (bar)
    8.96287e+04   -3.79384e+05   -4.48891e+05    3.09202e+02    1.25834e+02
   Constr. rmsd
    3.29634e-05

           Step           Time
          26000       52.00000

   Energies (kJ/mol)
            U-B    Proper Dih.  Improper Dih.      CMAP Dih.          LJ-14
    3.79009e+03    2.26560e+03    2.34761e+02   -4.70239e+02    1.95718e+03
     Coulomb-14        LJ (SR)   Coulomb (SR)   Coul. recip.      Potential
    1.25782e+04    7.58777e+04   -5.69246e+05    3.16467e+03   -4.69848e+05
    Kinetic En.   Total Energy  Conserved En.    Temperature Pressure (bar)
    8.97220e+04   -3.80126e+05   -4.48915e+05    3.09524e+02    1.52052e+02
   Constr. rmsd
    3.26975e-05

           Step           Time
          26500       53.00000

   Energies (kJ/mol)
            U-B    Proper Dih.  Improper Dih.      CMAP Dih.          LJ-14
    4.07823e+03    2.21745e+03    2.51163e+02   -4.59807e+02    1.90268e+03
     Coulomb-14        LJ (SR)   Coulomb (SR)   Coul. recip.      Potential
    1.25926e+04    7.60855e+04   -5.69192e+05    3.04849e+03   -4.69476e+05
    Kinetic En.   Total Energy  Conserved En.    Temperature Pressure (bar)
    8.89052e+04   -3.80570e+05   -4.48900e+05    3.06706e+02    1.16771e+02
   Constr. rmsd
    3.57002e-05

           Step           Time
          27000       54.00000

   Energies (kJ/mol)
            U-B    Proper Dih.  Improper Dih.      CMAP Dih.          LJ-14
    3.70955e+03    2.32015e+03    2.76577e+02   -4.67490e+02    1.97540e+03
     Coulomb-14        LJ (SR)   Coulomb (SR)   Coul. recip.      Potential
    1.24528e+04    7.56103e+04   -5.68806e+05    3.13934e+03   -4.69789e+05
    Kinetic En.   Total Energy  Conserved En.    Temperature Pressure (bar)
    8.89350e+04   -3.80854e+05   -4.48927e+05    3.06809e+02    2.04626e+02
   Constr. rmsd
    3.14816e-05

           Step           Time
          27500       55.00000

   Energies (kJ/mol)
            U-B    Proper Dih.  Improper Dih.      CMAP Dih.          LJ-14
    3.77185e+03    2.28847e+03    2.28661e+02   -4.81718e+02    1.93098e+03
     Coulomb-14        LJ (SR)   Coulomb (SR)   Coul. recip.      Potential
    1.25209e+04    7.65922e+04   -5.70140e+05    3.15607e+03   -4.70133e+05
    Kinetic En.   Total Energy  Conserved En.    Temperature Pressure (bar)
    8.96995e+04   -3.80434e+05   -4.48960e+05    3.09446e+02    2.45109e+02
   Constr. rmsd
    3.34895e-05

           Step           Time
          28000       56.00000

   Energies (kJ/mol)
            U-B    Proper Dih.  Improper Dih.      CMAP Dih.          LJ-14
    3.80731e+03    2.24767e+03    2.41177e+02   -4.84209e+02    1.95797e+03
     Coulomb-14        LJ (SR)   Coulomb (SR)   Coul. recip.      Potential
    1.25523e+04    7.64018e+04   -5.68879e+05    3.14302e+03   -4.69012e+05
    Kinetic En.   Total Energy  Conserved En.    Temperature Pressure (bar)
    9.06415e+04   -3.78370e+05   -4.48961e+05    3.12696e+02    4.04673e+02
   Constr. rmsd
    3.38854e-05

           Step           Time
          28500       57.00000

   Energies (kJ/mol)
            U-B    Proper Dih.  Improper Dih.      CMAP Dih.          LJ-14
    3.81828e+03    2.29875e+03    2.16946e+02   -5.34171e+02    1.94627e+03
     Coulomb-14        LJ (SR)   Coulomb (SR)   Coul. recip.      Potential
    1.25351e+04    7.66422e+04   -5.69610e+05    3.10699e+03   -4.69579e+05
    Kinetic En.   Total Energy  Conserved En.    Temperature Pressure (bar)
    8.86913e+04   -3.80888e+05   -4.48949e+05    3.05968e+02    2.74535e+02
   Constr. rmsd
    3.57957e-05

           Step           Time
          29000       58.00000

   Energies (kJ/mol)
            U-B    Proper Dih.  Improper Dih.      CMAP Dih.          LJ-14
    3.92065e+03    2.32081e+03    2.31616e+02   -5.41984e+02    1.95401e+03
     Coulomb-14        LJ (SR)   Coulomb (SR)   Coul. recip.      Potential
    1.24516e+04    7.63521e+04   -5.68775e+05    3.13310e+03   -4.68953e+05
    Kinetic En.   Total Energy  Conserved En.    Temperature Pressure (bar)
    9.00869e+04   -3.78866e+05   -4.48980e+05    3.10782e+02    3.35274e+02
   Constr. rmsd
    3.35365e-05

           Step           Time
          29500       59.00000

   Energies (kJ/mol)
            U-B    Proper Dih.  Improper Dih.      CMAP Dih.          LJ-14
    3.84843e+03    2.21657e+03    2.31356e+02   -5.12428e+02    1.94700e+03
     Coulomb-14        LJ (SR)   Coulomb (SR)   Coul. recip.      Potential
    1.26947e+04    7.51959e+04   -5.67890e+05    3.15331e+03   -4.69115e+05
    Kinetic En.   Total Energy  Conserved En.    Temperature Pressure (bar)
    8.96602e+04   -3.79455e+05   -4.49014e+05    3.09311e+02    1.90219e+02
   Constr. rmsd
    3.21852e-05

           Step           Time
          30000       60.00000

   Energies (kJ/mol)
            U-B    Proper Dih.  Improper Dih.      CMAP Dih.          LJ-14
    3.80854e+03    2.29001e+03    2.50426e+02   -4.88500e+02    1.93145e+03
     Coulomb-14        LJ (SR)   Coulomb (SR)   Coul. recip.      Potential
    1.24934e+04    7.59071e+04   -5.69132e+05    3.16088e+03   -4.69779e+05
    Kinetic En.   Total Energy  Conserved En.    Temperature Pressure (bar)
    9.04970e+04   -3.79282e+05   -4.49028e+05    3.12197e+02    3.10960e+02
   Constr. rmsd
    3.15164e-05

           Step           Time
          30500       61.00000

   Energies (kJ/mol)
            U-B    Proper Dih.  Improper Dih.      CMAP Dih.          LJ-14
    3.65797e+03    2.37428e+03    2.60628e+02   -5.11730e+02    1.91470e+03
     Coulomb-14        LJ (SR)   Coulomb (SR)   Coul. recip.      Potential
    1.25009e+04    7.60554e+04   -5.69488e+05    3.08896e+03   -4.70147e+05
    Kinetic En.   Total Energy  Conserved En.    Temperature Pressure (bar)
    8.98429e+04   -3.80304e+05   -4.49053e+05    3.09941e+02    1.52855e+02
   Constr. rmsd
    3.47664e-05

           Step           Time
          31000       62.00000

   Energies (kJ/mol)
            U-B    Proper Dih.  Improper Dih.      CMAP Dih.          LJ-14
    3.96158e+03    2.29454e+03    2.30680e+02   -4.75455e+02    1.97522e+03
     Coulomb-14        LJ (SR)   Coulomb (SR)   Coul. recip.      Potential
    1.25951e+04    7.50679e+04   -5.67454e+05    3.14392e+03   -4.68660e+05
    Kinetic En.   Total Energy  Conserved En.    Temperature Pressure (bar)
    9.00535e+04   -3.78607e+05   -4.49045e+05    3.10667e+02    1.62174e+02
   Constr. rmsd
    3.29069e-05

           Step           Time
          31500       63.00000

   Energies (kJ/mol)
            U-B    Proper Dih.  Improper Dih.      CMAP Dih.          LJ-14
    4.03643e+03    2.26066e+03    2.62781e+02   -4.97604e+02    1.93665e+03
     Coulomb-14        LJ (SR)   Coulomb (SR)   Coul. recip.      Potential
    1.24429e+04    7.60353e+04   -5.68863e+05    3.13376e+03   -4.69252e+05
    Kinetic En.   Total Energy  Conserved En.    Temperature Pressure (bar)
    9.00393e+04   -3.79213e+05   -4.49061e+05    3.10618e+02    2.01979e+02
   Constr. rmsd
    3.26696e-05

           Step           Time
          32000       64.00000

   Energies (kJ/mol)
            U-B    Proper Dih.  Improper Dih.      CMAP Dih.          LJ-14
    3.90897e+03    2.29147e+03    2.37286e+02   -4.82719e+02    1.92522e+03
     Coulomb-14        LJ (SR)   Coulomb (SR)   Coul. recip.      Potential
    1.24500e+04    7.65632e+04   -5.69469e+05    3.13092e+03   -4.69444e+05
    Kinetic En.   Total Energy  Conserved En.    Temperature Pressure (bar)
    9.10581e+04   -3.78386e+05   -4.49082e+05    3.14133e+02    2.41391e+02
   Constr. rmsd
    3.45701e-05

           Step           Time
          32500       65.00000

   Energies (kJ/mol)
            U-B    Proper Dih.  Improper Dih.      CMAP Dih.          LJ-14
    3.91569e+03    2.22451e+03    2.66875e+02   -4.91575e+02    1.90614e+03
     Coulomb-14        LJ (SR)   Coulomb (SR)   Coul. recip.      Potential
    1.24337e+04    7.51807e+04   -5.67236e+05    3.18283e+03   -4.68617e+05
    Kinetic En.   Total Energy  Conserved En.    Temperature Pressure (bar)
    8.90834e+04   -3.79534e+05   -4.49086e+05    3.07321e+02    7.48709e+01
   Constr. rmsd
    3.61526e-05

           Step           Time
          33000       66.00000

   Energies (kJ/mol)
            U-B    Proper Dih.  Improper Dih.      CMAP Dih.          LJ-14
    3.87135e+03    2.32545e+03    2.71554e+02   -4.97142e+02    1.97371e+03
     Coulomb-14        LJ (SR)   Coulomb (SR)   Coul. recip.      Potential
    1.25253e+04    7.59961e+04   -5.67144e+05    3.02778e+03   -4.67650e+05
    Kinetic En.   Total Energy  Conserved En.    Temperature Pressure (bar)
    9.07210e+04   -3.76929e+05   -4.49114e+05    3.12970e+02    3.50921e+02
   Constr. rmsd
    3.24804e-05

           Step           Time
          33500       67.00000

   Energies (kJ/mol)
            U-B    Proper Dih.  Improper Dih.      CMAP Dih.          LJ-14
    3.79431e+03    2.40846e+03    2.52380e+02   -4.81279e+02    1.88448e+03
     Coulomb-14        LJ (SR)   Coulomb (SR)   Coul. recip.      Potential
    1.25168e+04    7.58713e+04   -5.69720e+05    3.06740e+03   -4.70406e+05
    Kinetic En.   Total Energy  Conserved En.    Temperature Pressure (bar)
    8.94580e+04   -3.80948e+05   -4.49115e+05    3.08613e+02   -4.85723e+01
   Constr. rmsd
    3.79932e-05

           Step           Time
          34000       68.00000

   Energies (kJ/mol)
            U-B    Proper Dih.  Improper Dih.      CMAP Dih.          LJ-14
    3.88024e+03    2.36013e+03    2.45722e+02   -4.80450e+02    1.96076e+03
     Coulomb-14        LJ (SR)   Coulomb (SR)   Coul. recip.      Potential
    1.24708e+04    7.69003e+04   -5.70147e+05    3.12423e+03   -4.69686e+05
    Kinetic En.   Total Energy  Conserved En.    Temperature Pressure (bar)
    8.96791e+04   -3.80006e+05   -4.49129e+05    3.09376e+02    3.70916e+02
   Constr. rmsd
    3.25175e-05

           Step           Time
          34500       69.00000

   Energies (kJ/mol)
            U-B    Proper Dih.  Improper Dih.      CMAP Dih.          LJ-14
    3.76752e+03    2.29886e+03    2.47280e+02   -4.46069e+02    1.94251e+03
     Coulomb-14        LJ (SR)   Coulomb (SR)   Coul. recip.      Potential
    1.25691e+04    7.72984e+04   -5.70007e+05    3.13267e+03   -4.69197e+05
    Kinetic En.   Total Energy  Conserved En.    Temperature Pressure (bar)
    8.99327e+04   -3.79264e+05   -4.49146e+05    3.10250e+02    4.13821e+02
   Constr. rmsd
    3.41446e-05

           Step           Time
          35000       70.00000

   Energies (kJ/mol)
            U-B    Proper Dih.  Improper Dih.      CMAP Dih.          LJ-14
    3.88224e+03    2.30569e+03    2.43253e+02   -4.85123e+02    1.93836e+03
     Coulomb-14        LJ (SR)   Coulomb (SR)   Coul. recip.      Potential
    1.25765e+04    7.64074e+04   -5.69732e+05    3.22575e+03   -4.69637e+05
    Kinetic En.   Total Energy  Conserved En.    Temperature Pressure (bar)
    9.00626e+04   -3.79575e+05   -4.49153e+05    3.10698e+02    3.07798e+02
   Constr. rmsd
    3.29597e-05

           Step           Time
          35500       71.00000

   Energies (kJ/mol)
            U-B    Proper Dih.  Improper Dih.      CMAP Dih.          LJ-14
    3.78623e+03    2.28402e+03    2.60514e+02   -4.63435e+02    1.93014e+03
     Coulomb-14        LJ (SR)   Coulomb (SR)   Coul. recip.      Potential
    1.24057e+04    7.67785e+04   -5.69656e+05    3.10357e+03   -4.69571e+05
    Kinetic En.   Total Energy  Conserved En.    Temperature Pressure (bar)
    8.91620e+04   -3.80409e+05   -4.49174e+05    3.07592e+02    3.28095e+02
   Constr. rmsd
    3.36728e-05

           Step           Time
          36000       72.00000

   Energies (kJ/mol)
            U-B    Proper Dih.  Improper Dih.      CMAP Dih.          LJ-14
    3.71891e+03    2.31668e+03    2.49245e+02   -4.64481e+02    1.96142e+03
     Coulomb-14        LJ (SR)   Coulomb (SR)   Coul. recip.      Potential
    1.25577e+04    7.62899e+04   -5.68889e+05    3.16434e+03   -4.69095e+05
    Kinetic En.   Total Energy  Conserved En.    Temperature Pressure (bar)
    9.05633e+04   -3.78532e+05   -4.49191e+05    3.12426e+02    4.09807e+02
   Constr. rmsd
    3.13409e-05

           Step           Time
          36500       73.00000

   Energies (kJ/mol)
            U-B    Proper Dih.  Improper Dih.      CMAP Dih.          LJ-14
    3.76388e+03    2.35069e+03    2.77305e+02   -5.10745e+02    1.96477e+03
     Coulomb-14        LJ (SR)   Coulomb (SR)   Coul. recip.      Potential
    1.24342e+04    7.64352e+04   -5.68933e+05    3.08362e+03   -4.69134e+05
    Kinetic En.   Total Energy  Conserved En.    Temperature Pressure (bar)
    9.06745e+04   -3.78460e+05   -4.49213e+05    3.12810e+02    4.09620e+02
   Constr. rmsd
    3.40520e-05

           Step           Time
          37000       74.00000

   Energies (kJ/mol)
            U-B    Proper Dih.  Improper Dih.      CMAP Dih.          LJ-14
    3.74953e+03    2.34341e+03    2.53984e+02   -5.16125e+02    1.92412e+03
     Coulomb-14        LJ (SR)   Coulomb (SR)   Coul. recip.      Potential
    1.27166e+04    7.61869e+04   -5.69070e+05    3.10297e+03   -4.69308e+05
    Kinetic En.   Total Energy  Conserved En.    Temperature Pressure (bar)
    8.90418e+04   -3.80266e+05   -4.49203e+05    3.07177e+02    1.92097e+02
   Constr. rmsd
    3.42868e-05

           Step           Time
          37500       75.00000

   Energies (kJ/mol)
            U-B    Proper Dih.  Improper Dih.      CMAP Dih.          LJ-14
    3.93231e+03    2.39926e+03    2.52322e+02   -5.07773e+02    1.88659e+03
     Coulomb-14        LJ (SR)   Coulomb (SR)   Coul. recip.      Potential
    1.24429e+04    7.70364e+04   -5.69445e+05    3.23240e+03   -4.68771e+05
    Kinetic En.   Total Energy  Conserved En.    Temperature Pressure (bar)
    8.99227e+04   -3.78848e+05   -4.49222e+05    3.10216e+02    3.45290e+02
   Constr. rmsd
    3.47213e-05

           Step           Time
          38000       76.00000

   Energies (kJ/mol)
            U-B    Proper Dih.  Improper Dih.      CMAP Dih.          LJ-14
    3.95609e+03    2.40708e+03    2.85757e+02   -5.10314e+02    1.93203e+03
     Coulomb-14        LJ (SR)   Coulomb (SR)   Coul. recip.      Potential
    1.24942e+04    7.37390e+04   -5.65653e+05    3.07324e+03   -4.68276e+05
    Kinetic En.   Total Energy  Conserved En.    Temperature Pressure (bar)
    9.03621e+04   -3.77914e+05   -4.49234e+05    3.11732e+02    1.26652e+01
   Constr. rmsd
    3.26387e-05

           Step           Time
          38500       77.00000

   Energies (kJ/mol)
            U-B    Proper Dih.  Improper Dih.      CMAP Dih.          LJ-14
    3.90169e+03    2.42803e+03    2.59118e+02   -5.59044e+02    1.97227e+03
     Coulomb-14        LJ (SR)   Coulomb (SR)   Coul. recip.      Potential
    1.26308e+04    7.60535e+04   -5.66968e+05    3.20503e+03   -4.67076e+05
    Kinetic En.   Total Energy  Conserved En.    Temperature Pressure (bar)
    8.92779e+04   -3.77799e+05   -4.49249e+05    3.07991e+02    3.76838e+02
   Constr. rmsd
    3.34068e-05

           Step           Time
          39000       78.00000

   Energies (kJ/mol)
            U-B    Proper Dih.  Improper Dih.      CMAP Dih.          LJ-14
    3.86308e+03    2.37513e+03    2.60275e+02   -5.11075e+02    1.91775e+03
     Coulomb-14        LJ (SR)   Coulomb (SR)   Coul. recip.      Potential
    1.24853e+04    7.47660e+04   -5.66508e+05    3.20428e+03   -4.68147e+05
    Kinetic En.   Total Energy  Conserved En.    Temperature Pressure (bar)
    8.97191e+04   -3.78428e+05   -4.49272e+05    3.09514e+02    9.36304e+01
   Constr. rmsd
    3.48813e-05

           Step           Time
          39500       79.00000

   Energies (kJ/mol)
            U-B    Proper Dih.  Improper Dih.      CMAP Dih.          LJ-14
    3.96108e+03    2.29782e+03    2.33973e+02   -5.00491e+02    1.96908e+03
     Coulomb-14        LJ (SR)   Coulomb (SR)   Coul. recip.      Potential
    1.24199e+04    7.61518e+04   -5.66826e+05    3.23628e+03   -4.67056e+05
    Kinetic En.   Total Energy  Conserved En.    Temperature Pressure (bar)
    8.97073e+04   -3.77349e+05   -4.49278e+05    3.09473e+02    3.29508e+02
   Constr. rmsd
    3.69536e-05

           Step           Time
          40000       80.00000

   Energies (kJ/mol)
            U-B    Proper Dih.  Improper Dih.      CMAP Dih.          LJ-14
    3.86043e+03    2.33367e+03    2.53578e+02   -5.47495e+02    1.97621e+03
     Coulomb-14        LJ (SR)   Coulomb (SR)   Coul. recip.      Potential
    1.24954e+04    7.58470e+04   -5.68395e+05    3.07212e+03   -4.69104e+05
    Kinetic En.   Total Energy  Conserved En.    Temperature Pressure (bar)
    8.94030e+04   -3.79701e+05   -4.49285e+05    3.08423e+02    2.62499e+02
   Constr. rmsd
    3.16663e-05

           Step           Time
          40500       81.00000

   Energies (kJ/mol)
            U-B    Proper Dih.  Improper Dih.      CMAP Dih.          LJ-14
    3.80785e+03    2.29767e+03    2.68983e+02   -5.16544e+02    1.94062e+03
     Coulomb-14        LJ (SR)   Coulomb (SR)   Coul. recip.      Potential
    1.24347e+04    7.65219e+04   -5.69707e+05    3.10765e+03   -4.69844e+05
    Kinetic En.   Total Energy  Conserved En.    Temperature Pressure (bar)
    8.98156e+04   -3.80028e+05   -4.49316e+05    3.09847e+02    2.72500e+02
   Constr. rmsd
    3.52607e-05

           Step           Time
          41000       82.00000

   Energies (kJ/mol)
            U-B    Proper Dih.  Improper Dih.      CMAP Dih.          LJ-14
    3.77497e+03    2.34611e+03    2.43825e+02   -5.23596e+02    2.01112e+03
     Coulomb-14        LJ (SR)   Coulomb (SR)   Coul. recip.      Potential
    1.23629e+04    7.67530e+04   -5.70107e+05    3.08351e+03   -4.70056e+05
    Kinetic En.   Total Energy  Conserved En.    Temperature Pressure (bar)
    8.99108e+04   -3.80145e+05   -4.49343e+05    3.10175e+02    3.45588e+02
   Constr. rmsd
    3.28388e-05

           Step           Time
          41500       83.00000

   Energies (kJ/mol)
            U-B    Proper Dih.  Improper Dih.      CMAP Dih.          LJ-14
    3.76183e+03    2.39284e+03    2.88480e+02   -5.25108e+02    1.94906e+03
     Coulomb-14        LJ (SR)   Coulomb (SR)   Coul. recip.      Potential
    1.22536e+04    7.62479e+04   -5.68344e+05    3.20863e+03   -4.68767e+05
    Kinetic En.   Total Energy  Conserved En.    Temperature Pressure (bar)
    8.87495e+04   -3.80017e+05   -4.49335e+05    3.06169e+02    2.41066e+02
   Constr. rmsd
    3.48067e-05

           Step           Time
          42000       84.00000

   Energies (kJ/mol)
            U-B    Proper Dih.  Improper Dih.      CMAP Dih.          LJ-14
    3.82410e+03    2.37060e+03    2.69829e+02   -5.31134e+02    1.96083e+03
     Coulomb-14        LJ (SR)   Coulomb (SR)   Coul. recip.      Potential
    1.23609e+04    7.62847e+04   -5.68760e+05    3.22608e+03   -4.68994e+05
    Kinetic En.   Total Energy  Conserved En.    Temperature Pressure (bar)
    9.02598e+04   -3.78734e+05   -4.49367e+05    3.11379e+02    2.82722e+02
   Constr. rmsd
    3.53139e-05

           Step           Time
          42500       85.00000

   Energies (kJ/mol)
            U-B    Proper Dih.  Improper Dih.      CMAP Dih.          LJ-14
    3.91069e+03    2.31276e+03    2.39438e+02   -5.44031e+02    1.95796e+03
     Coulomb-14        LJ (SR)   Coulomb (SR)   Coul. recip.      Potential
    1.24160e+04    7.62999e+04   -5.68606e+05    3.12978e+03   -4.68884e+05
    Kinetic En.   Total Energy  Conserved En.    Temperature Pressure (bar)
    8.94721e+04   -3.79412e+05   -4.49363e+05    3.08661e+02    4.90796e+02
   Constr. rmsd
    3.06740e-05

           Step           Time
          43000       86.00000

   Energies (kJ/mol)
            U-B    Proper Dih.  Improper Dih.      CMAP Dih.          LJ-14
    3.89101e+03    2.23351e+03    2.68105e+02   -5.03456e+02    1.91189e+03
     Coulomb-14        LJ (SR)   Coulomb (SR)   Coul. recip.      Potential
    1.24558e+04    7.55680e+04   -5.68614e+05    3.10562e+03   -4.69684e+05
    Kinetic En.   Total Energy  Conserved En.    Temperature Pressure (bar)
    8.96457e+04   -3.80038e+05   -4.49399e+05    3.09260e+02    4.78426e+01
   Constr. rmsd
    3.58830e-05

           Step           Time
          43500       87.00000

   Energies (kJ/mol)
            U-B    Proper Dih.  Improper Dih.      CMAP Dih.          LJ-14
    3.79678e+03    2.35937e+03    2.49200e+02   -5.29555e+02    1.95307e+03
     Coulomb-14        LJ (SR)   Coulomb (SR)   Coul. recip.      Potential
    1.23955e+04    7.56310e+04   -5.68303e+05    3.14898e+03   -4.69299e+05
    Kinetic En.   Total Energy  Conserved En.    Temperature Pressure (bar)
    8.99812e+04   -3.79318e+05   -4.49394e+05    3.10418e+02    1.78400e+02
   Constr. rmsd
    3.48098e-05

           Step           Time
          44000       88.00000

   Energies (kJ/mol)
            U-B    Proper Dih.  Improper Dih.      CMAP Dih.          LJ-14
    4.03261e+03    2.22985e+03    2.56352e+02   -5.13194e+02    1.94913e+03
     Coulomb-14        LJ (SR)   Coulomb (SR)   Coul. recip.      Potential
    1.23479e+04    7.63186e+04   -5.68517e+05    3.13629e+03   -4.68759e+05
    Kinetic En.   Total Energy  Conserved En.    Temperature Pressure (bar)
    9.00960e+04   -3.78663e+05   -4.49419e+05    3.10814e+02    2.78885e+02
   Constr. rmsd
    3.57485e-05

           Step           Time
          44500       89.00000

   Energies (kJ/mol)
            U-B    Proper Dih.  Improper Dih.      CMAP Dih.          LJ-14
    3.97009e+03    2.36465e+03    3.03692e+02   -5.03690e+02    1.97234e+03
     Coulomb-14        LJ (SR)   Coulomb (SR)   Coul. recip.      Potential
    1.22800e+04    7.71413e+04   -5.69834e+05    3.21609e+03   -4.69089e+05
    Kinetic En.   Total Energy  Conserved En.    Temperature Pressure (bar)
    9.09835e+04   -3.78106e+05   -4.49428e+05    3.13876e+02    4.34412e+02
   Constr. rmsd
    3.41979e-05

           Step           Time
          45000       90.00000

   Energies (kJ/mol)
            U-B    Proper Dih.  Improper Dih.      CMAP Dih.          LJ-14
    3.91424e+03    2.34240e+03    2.45253e+02   -5.25725e+02    1.94677e+03
     Coulomb-14        LJ (SR)   Coulomb (SR)   Coul. recip.      Potential
    1.23175e+04    7.69009e+04   -5.70076e+05    3.09681e+03   -4.69838e+05
    Kinetic En.   Total Energy  Conserved En.    Temperature Pressure (bar)
    9.03967e+04   -3.79441e+05   -4.49449e+05    3.11851e+02    3.96874e+02
   Constr. rmsd
    3.28129e-05

           Step           Time
          45500       91.00000

   Energies (kJ/mol)
            U-B    Proper Dih.  Improper Dih.      CMAP Dih.          LJ-14
    3.85027e+03    2.40642e+03    2.13712e+02   -5.03543e+02    1.94210e+03
     Coulomb-14        LJ (SR)   Coulomb (SR)   Coul. recip.      Potential
    1.23634e+04    7.62297e+04   -5.69146e+05    3.14277e+03   -4.69501e+05
    Kinetic En.   Total Energy  Conserved En.    Temperature Pressure (bar)
    9.02145e+04   -3.79286e+05   -4.49478e+05    3.11222e+02    1.81862e+02
   Constr. rmsd
    3.49004e-05

           Step           Time
          46000       92.00000

   Energies (kJ/mol)
            U-B    Proper Dih.  Improper Dih.      CMAP Dih.          LJ-14
    3.74509e+03    2.31983e+03    2.46252e+02   -4.96738e+02    1.92444e+03
     Coulomb-14        LJ (SR)   Coulomb (SR)   Coul. recip.      Potential
    1.24581e+04    7.55901e+04   -5.68422e+05    3.17388e+03   -4.69461e+05
    Kinetic En.   Total Energy  Conserved En.    Temperature Pressure (bar)
    8.90738e+04   -3.80387e+05   -4.49477e+05    3.07288e+02    9.79474e+01
   Constr. rmsd
    3.50268e-05

           Step           Time
          46500       93.00000

   Energies (kJ/mol)
            U-B    Proper Dih.  Improper Dih.      CMAP Dih.          LJ-14
    3.77190e+03    2.32040e+03    2.31138e+02   -5.01364e+02    1.96662e+03
     Coulomb-14        LJ (SR)   Coulomb (SR)   Coul. recip.      Potential
    1.24202e+04    7.47539e+04   -5.65939e+05    3.08056e+03   -4.67896e+05
    Kinetic En.   Total Energy  Conserved En.    Temperature Pressure (bar)
    8.95651e+04   -3.78331e+05   -4.49497e+05    3.08982e+02    4.11489e+01
   Constr. rmsd
    3.56454e-05

           Step           Time
          47000       94.00000

   Energies (kJ/mol)
            U-B    Proper Dih.  Improper Dih.      CMAP Dih.          LJ-14
    3.74188e+03    2.36821e+03    2.40858e+02   -5.67027e+02    1.93546e+03
     Coulomb-14        LJ (SR)   Coulomb (SR)   Coul. recip.      Potential
    1.24861e+04    7.72501e+04   -5.70112e+05    3.11256e+03   -4.69544e+05
    Kinetic En.   Total Energy  Conserved En.    Temperature Pressure (bar)
    8.99015e+04   -3.79643e+05   -4.49514e+05    3.10143e+02    4.41506e+02
   Constr. rmsd
    3.26966e-05

           Step           Time
          47500       95.00000

   Energies (kJ/mol)
            U-B    Proper Dih.  Improper Dih.      CMAP Dih.          LJ-14
    3.99100e+03    2.31616e+03    2.78407e+02   -5.32366e+02    1.93563e+03
     Coulomb-14        LJ (SR)   Coulomb (SR)   Coul. recip.      Potential
    1.23606e+04    7.70502e+04   -5.69496e+05    3.11111e+03   -4.68985e+05
    Kinetic En.   Total Energy  Conserved En.    Temperature Pressure (bar)
    8.99951e+04   -3.78990e+05   -4.49510e+05    3.10466e+02    3.72466e+02
   Constr. rmsd
    3.49036e-05

           Step           Time
          48000       96.00000

   Energies (kJ/mol)
            U-B    Proper Dih.  Improper Dih.      CMAP Dih.          LJ-14
    3.88961e+03    2.36343e+03    2.52367e+02   -5.10280e+02    1.97767e+03
     Coulomb-14        LJ (SR)   Coulomb (SR)   Coul. recip.      Potential
    1.23932e+04    7.56856e+04   -5.67067e+05    3.18064e+03   -4.67835e+05
    Kinetic En.   Total Energy  Conserved En.    Temperature Pressure (bar)
    9.06242e+04   -3.77211e+05   -4.49525e+05    3.12636e+02    3.06653e+02
   Constr. rmsd
    3.36896e-05

           Step           Time
          48500       97.00000

   Energies (kJ/mol)
            U-B    Proper Dih.  Improper Dih.      CMAP Dih.          LJ-14
    3.85429e+03    2.34100e+03    2.12226e+02   -4.87919e+02    1.94040e+03
     Coulomb-14        LJ (SR)   Coulomb (SR)   Coul. recip.      Potential
    1.23008e+04    7.57658e+04   -5.69359e+05    3.12572e+03   -4.70307e+05
    Kinetic En.   Total Energy  Conserved En.    Temperature Pressure (bar)
    8.93326e+04   -3.80974e+05   -4.49562e+05    3.08180e+02    7.30519e+01
   Constr. rmsd
    3.50636e-05

           Step           Time
          49000       98.00000

   Energies (kJ/mol)
            U-B    Proper Dih.  Improper Dih.      CMAP Dih.          LJ-14
    3.87806e+03    2.33835e+03    2.52184e+02   -5.26688e+02    1.97473e+03
     Coulomb-14        LJ (SR)   Coulomb (SR)   Coul. recip.      Potential
    1.25235e+04    7.71127e+04   -5.69076e+05    3.15853e+03   -4.68365e+05
    Kinetic En.   Total Energy  Conserved En.    Temperature Pressure (bar)
    8.85659e+04   -3.79799e+05   -4.49554e+05    3.05535e+02    4.59406e+02
   Constr. rmsd
    3.30269e-05

           Step           Time
          49500       99.00000

   Energies (kJ/mol)
            U-B    Proper Dih.  Improper Dih.      CMAP Dih.          LJ-14
    3.73065e+03    2.35726e+03    2.40913e+02   -4.98839e+02    1.94099e+03
     Coulomb-14        LJ (SR)   Coulomb (SR)   Coul. recip.      Potential
    1.24797e+04    7.70981e+04   -5.69496e+05    3.11951e+03   -4.69027e+05
    Kinetic En.   Total Energy  Conserved En.    Temperature Pressure (bar)
    9.06412e+04   -3.78386e+05   -4.49584e+05    3.12695e+02    4.54554e+02
   Constr. rmsd
    3.32358e-05

           Step           Time
          50000      100.00000

Writing checkpoint, step 50000 at Mon Mar  9 23:34:32 2026


   Energies (kJ/mol)
            U-B    Proper Dih.  Improper Dih.      CMAP Dih.          LJ-14
    4.00545e+03    2.38927e+03    2.23277e+02   -4.94160e+02    1.91175e+03
     Coulomb-14        LJ (SR)   Coulomb (SR)   Coul. recip.      Potential
    1.24107e+04    7.64934e+04   -5.68031e+05    3.08591e+03   -4.68005e+05
    Kinetic En.   Total Energy  Conserved En.    Temperature Pressure (bar)
    9.09891e+04   -3.77016e+05   -4.49600e+05    3.13895e+02    4.49540e+02
   Constr. rmsd
    3.36169e-05


Energy conservation over simulation part #1 of length 100 ps, time 0 to 100 ps
  Conserved energy drift: -1.73e-04 kJ/mol/ps per atom


	<======  ###############  ==>
	<====  A V E R A G E S  ====>
	<==  ###############  ======>

	Statistics over 50001 steps using 501 frames

   Energies (kJ/mol)
            U-B    Proper Dih.  Improper Dih.      CMAP Dih.          LJ-14
    3.85692e+03    2.33088e+03    2.48505e+02   -4.97261e+02    1.94130e+03
     Coulomb-14        LJ (SR)   Coulomb (SR)   Coul. recip.      Potential
    1.24382e+04    7.62489e+04   -5.68882e+05    3.13486e+03   -4.69179e+05
    Kinetic En.   Total Energy  Conserved En.    Temperature Pressure (bar)
    8.97845e+04   -3.79395e+05   -4.48882e+05    3.09739e+02    2.54523e+02
   Constr. rmsd
    0.00000e+00

   Total Virial (kJ/mol)
    2.72773e+04   -1.11598e+02   -6.72726e+01
   -1.11540e+02    2.71453e+04    7.34391e+01
   -6.72378e+01    7.35032e+01    2.71972e+04

   Pressure (bar)
    2.48656e+02    6.57261e+00    5.12231e+00
    6.56722e+00    2.60145e+02   -7.03684e+00
    5.11905e+00   -7.04284e+00    2.54769e+02

      T-Protein  T-non-Protein
    3.09284e+02    3.09762e+02


	M E G A - F L O P S   A C C O U N T I N G

 NB=Group-cutoff nonbonded kernels    NxN=N-by-N cluster Verlet kernels
 RF=Reaction-Field  VdW=Van der Waals  QSTab=quadratic-spline table
 W3=SPC/TIP3p  W4=TIP4p (single or pairs)
 V&F=Potential and force  V=Potential only  F=Force only

 Computing:                               M-Number         M-Flops  % Flops
-----------------------------------------------------------------------------
 Pair Search distance check           11822.795794      106405.162     0.2
 NxN Ewald Elec. + LJ [F]            455222.052072    30044655.437    49.7
 NxN Ewald Elec. + LJ [V&F]            4607.398280      492991.616     0.8
 NxN Ewald Elec. [F]                 403371.739896    24605676.134    40.7
 NxN Ewald Elec. [V&F]                 4082.453496      342926.094     0.6
 1,4 nonbonded interactions             219.654393       19768.895     0.0
 Calc Weights                          5231.204622      188323.366     0.3
 Spread Q Bspline                    111599.031936      223198.064     0.4
 Gather F Bspline                    111599.031936      669594.192     1.1
 3D-FFT                              382774.155330     3062193.243     5.1
 Solve PME                             5580.111600      357127.142     0.6
 Reset In Box                            34.908874         104.727     0.0
 CG-CoM                                  34.943748         104.831     0.0
 Propers                                183.453669       42010.890     0.1
 Impropers                               15.300306        3182.464     0.0
 Virial                                  17.494419         314.900     0.0
 Stop-CM                                 17.506748         175.067     0.0
 Calc-Ekin                              348.809748        9417.863     0.0
 Lincs                                   85.755145        5145.309     0.0
 Lincs-Mat                             1831.909908        7327.640     0.0
 Constraint-V                          1830.423214       16473.809     0.0
 Constraint-Vir                          17.480892         419.541     0.0
 Settle                                 552.983177      204603.775     0.3
 CMAP                                     5.100102        8670.173     0.0
 Urey-Bradley                           152.653053       27935.509     0.0
-----------------------------------------------------------------------------
 Total                                                60438745.843   100.0
-----------------------------------------------------------------------------


    D O M A I N   D E C O M P O S I T I O N   S T A T I S T I C S

 av. #atoms communicated per step for force:  2 x 0.0
 av. #atoms communicated per step for LINCS:  2 x 0.0


      R E A L   C Y C L E   A N D   T I M E   A C C O U N T I N G

On 1 MPI rank, each using 8 OpenMP threads

 Activity:              Num   Num      Call    Wall time         Giga-Cycles
                        Ranks Threads  Count      (s)         total sum    %
--------------------------------------------------------------------------------
 Domain decomp.            1    8       1001       2.663          0.511   0.6
 Neighbor search           1    8       1001      10.430          2.003   2.3
 Force                     1    8      50001     301.343         57.858  67.2
 PME mesh                  1    8      50001      80.112         15.382  17.9
 NB X/F buffer ops.        1    8     100002       9.185          1.764   2.0
 Write traj.               1    8        101       0.168          0.032   0.0
 Update                    1    8      50001       5.845          1.122   1.3
 Constraints               1    8      50003      36.529          7.014   8.1
 Kinetic energy            1    8      10001       1.420          0.273   0.3
 Rest                                              0.688          0.132   0.2
--------------------------------------------------------------------------------
 Total                                           448.383         86.090 100.0
--------------------------------------------------------------------------------
 Breakdown of PME mesh activities
--------------------------------------------------------------------------------
 PME spread                1    8      50001      24.233          4.653   5.4
 PME gather                1    8      50001      22.620          4.343   5.0
 PME 3D-FFT                1    8     100002      31.293          6.008   7.0
 PME solve Elec            1    8      50001       1.646          0.316   0.4
--------------------------------------------------------------------------------

               Core t (s)   Wall t (s)        (%)
       Time:     3587.047      448.383      800.0
                 (ns/day)    (hour/ns)    (ms/step)  (Matom*steps/s) 
Performance:       19.270        1.245        8.967            3.889 
Finished mdrun on rank 0 Mon Mar  9 23:34:32 2026

